This is pdfTeX, Version 3.14159265-2.6-1.40.16 (TeX Live 2015) (preloaded format=pdflatex 2016.5.8)  13 MAY 2016 20:12
entering extended mode
 restricted \write18 enabled.
 file:line:error style messages enabled.
 %&-line parsing enabled.
**Template.tex
(./Template.tex
LaTeX2e <2015/01/01>
Babel <3.9l> and hyphenation patterns for 79 languages loaded.
(/usr/local/texlive/2015/texmf-dist/tex/latex/base/article.cls
Document Class: article 2014/09/29 v1.4h Standard LaTeX document class
(/usr/local/texlive/2015/texmf-dist/tex/latex/base/size10.clo
File: size10.clo 2014/09/29 v1.4h Standard LaTeX file (size option)
)
\c@part=\count79
\c@section=\count80
\c@subsection=\count81
\c@subsubsection=\count82
\c@paragraph=\count83
\c@subparagraph=\count84
\c@figure=\count85
\c@table=\count86
\abovecaptionskip=\skip41
\belowcaptionskip=\skip42
\bibindent=\dimen102
) (./vlsiconf.sty) (/usr/local/texlive/2015/texmf-dist/tex/latex/amsmath/amsmath.sty
Package: amsmath 2013/01/14 v2.14 AMS math features
\@mathmargin=\skip43

For additional information on amsmath, use the `?' option.
(/usr/local/texlive/2015/texmf-dist/tex/latex/amsmath/amstext.sty
Package: amstext 2000/06/29 v2.01
 (/usr/local/texlive/2015/texmf-dist/tex/latex/amsmath/amsgen.sty
File: amsgen.sty 1999/11/30 v2.0
\@emptytoks=\toks14
\ex@=\dimen103
)) (/usr/local/texlive/2015/texmf-dist/tex/latex/amsmath/amsbsy.sty
Package: amsbsy 1999/11/29 v1.2d
\pmbraise@=\dimen104
) (/usr/local/texlive/2015/texmf-dist/tex/latex/amsmath/amsopn.sty
Package: amsopn 1999/12/14 v2.01 operator names
)
\inf@bad=\count87
LaTeX Info: Redefining \frac on input line 210.
\uproot@=\count88
\leftroot@=\count89
LaTeX Info: Redefining \overline on input line 306.
\classnum@=\count90
\DOTSCASE@=\count91
LaTeX Info: Redefining \ldots on input line 378.
LaTeX Info: Redefining \dots on input line 381.
LaTeX Info: Redefining \cdots on input line 466.
\Mathstrutbox@=\box26
\strutbox@=\box27
\big@size=\dimen105
LaTeX Font Info:    Redeclaring font encoding OML on input line 566.
LaTeX Font Info:    Redeclaring font encoding OMS on input line 567.
\macc@depth=\count92
\c@MaxMatrixCols=\count93
\dotsspace@=\muskip10
\c@parentequation=\count94
\dspbrk@lvl=\count95
\tag@help=\toks15
\row@=\count96
\column@=\count97
\maxfields@=\count98
\andhelp@=\toks16
\eqnshift@=\dimen106
\alignsep@=\dimen107
\tagshift@=\dimen108
\tagwidth@=\dimen109
\totwidth@=\dimen110
\lineht@=\dimen111
\@envbody=\toks17
\multlinegap=\skip44
\multlinetaggap=\skip45
\mathdisplay@stack=\toks18
LaTeX Info: Redefining \[ on input line 2665.
LaTeX Info: Redefining \] on input line 2666.
) (/usr/local/texlive/2015/texmf-dist/tex/latex/graphics/epsfig.sty
Package: epsfig 1999/02/16 v1.7a (e)psfig emulation (SPQR)
 (/usr/local/texlive/2015/texmf-dist/tex/latex/graphics/graphicx.sty
Package: graphicx 2014/10/28 v1.0g Enhanced LaTeX Graphics (DPC,SPQR)
 (/usr/local/texlive/2015/texmf-dist/tex/latex/graphics/keyval.sty
Package: keyval 2014/10/28 v1.15 key=value parser (DPC)
\KV@toks@=\toks19
) (/usr/local/texlive/2015/texmf-dist/tex/latex/graphics/graphics.sty
Package: graphics 2014/10/28 v1.0p Standard LaTeX Graphics (DPC,SPQR)
 (/usr/local/texlive/2015/texmf-dist/tex/latex/graphics/trig.sty
Package: trig 1999/03/16 v1.09 sin cos tan (DPC)
) (/usr/local/texlive/2015/texmf-dist/tex/latex/latexconfig/graphics.cfg
File: graphics.cfg 2010/04/23 v1.9 graphics configuration of TeX Live
)
Package graphics Info: Driver file: pdftex.def on input line 94.
 (/usr/local/texlive/2015/texmf-dist/tex/latex/pdftex-def/pdftex.def
File: pdftex.def 2011/05/27 v0.06d Graphics/color for pdfTeX
 (/usr/local/texlive/2015/texmf-dist/tex/generic/oberdiek/infwarerr.sty
Package: infwarerr 2010/04/08 v1.3 Providing info/warning/error messages (HO)
) (/usr/local/texlive/2015/texmf-dist/tex/generic/oberdiek/ltxcmds.sty
Package: ltxcmds 2011/11/09 v1.22 LaTeX kernel commands for general use (HO)
)
\Gread@gobject=\count99
))
\Gin@req@height=\dimen112
\Gin@req@width=\dimen113
)
\epsfxsize=\dimen114
\epsfysize=\dimen115
) (/usr/local/texlive/2015/texmf-dist/tex/latex/graphics/color.sty
Package: color 2014/10/28 v1.1a Standard LaTeX Color (DPC)

(/usr/local/texlive/2015/texmf-dist/tex/latex/latexconfig/color.cfg
File: color.cfg 2007/01/18 v1.5 color configuration of teTeX/TeXLive
)
Package color Info: Driver file: pdftex.def on input line 142.
) (/usr/local/texlive/2015/texmf-dist/tex/latex/oberdiek/transparent.sty
Package: transparent 2007/01/08 v1.0 Transparency via pdfTeX's color stack (HO)
 (/usr/local/texlive/2015/texmf-dist/tex/generic/oberdiek/ifpdf.sty
Package: ifpdf 2011/01/30 v2.3 Provides the ifpdf switch (HO)
Package ifpdf Info: pdfTeX in PDF mode is detected.
) (/usr/local/texlive/2015/texmf-dist/tex/latex/oberdiek/auxhook.sty
Package: auxhook 2011/03/04 v1.3 Hooks for auxiliary files (HO)
)) (/usr/local/texlive/2015/texmf-dist/tex/latex/anyfontsize/anyfontsize.sty
Package: anyfontsize 2007/11/22 anyfontsize.sty by pts
) (./Template.aux)
\openout1 = `Template.aux'.

LaTeX Font Info:    Checking defaults for OML/cmm/m/it on input line 47.
LaTeX Font Info:    ... okay on input line 47.
LaTeX Font Info:    Checking defaults for T1/cmr/m/n on input line 47.
LaTeX Font Info:    ... okay on input line 47.
LaTeX Font Info:    Checking defaults for OT1/cmr/m/n on input line 47.
LaTeX Font Info:    ... okay on input line 47.
LaTeX Font Info:    Checking defaults for OMS/cmsy/m/n on input line 47.
LaTeX Font Info:    ... okay on input line 47.
LaTeX Font Info:    Checking defaults for OMX/cmex/m/n on input line 47.
LaTeX Font Info:    ... okay on input line 47.
LaTeX Font Info:    Checking defaults for U/cmr/m/n on input line 47.
LaTeX Font Info:    ... okay on input line 47.
LaTeX Font Info:    Try loading font information for OT1+ptm on input line 47.
 (/usr/local/texlive/2015/texmf-dist/tex/latex/psnfss/ot1ptm.fd
File: ot1ptm.fd 2001/06/04 font definitions for OT1/ptm.
) (/usr/local/texlive/2015/texmf-dist/tex/context/base/supp-pdf.mkii
[Loading MPS to PDF converter (version 2006.09.02).]
\scratchcounter=\count100
\scratchdimen=\dimen116
\scratchbox=\box28
\nofMPsegments=\count101
\nofMParguments=\count102
\everyMPshowfont=\toks20
\MPscratchCnt=\count103
\MPscratchDim=\dimen117
\MPnumerator=\count104
\makeMPintoPDFobject=\count105
\everyMPtoPDFconversion=\toks21
) (/usr/local/texlive/2015/texmf-dist/tex/generic/oberdiek/pdftexcmds.sty
Package: pdftexcmds 2011/11/29 v0.20 Utility functions of pdfTeX for LuaTeX (HO)
 (/usr/local/texlive/2015/texmf-dist/tex/generic/oberdiek/ifluatex.sty
Package: ifluatex 2010/03/01 v1.3 Provides the ifluatex switch (HO)
Package ifluatex Info: LuaTeX not detected.
)
Package pdftexcmds Info: LuaTeX not detected.
Package pdftexcmds Info: \pdf@primitive is available.
Package pdftexcmds Info: \pdf@ifprimitive is available.
Package pdftexcmds Info: \pdfdraftmode found.
) (/usr/local/texlive/2015/texmf-dist/tex/latex/oberdiek/epstopdf-base.sty
Package: epstopdf-base 2010/02/09 v2.5 Base part for package epstopdf
 (/usr/local/texlive/2015/texmf-dist/tex/latex/oberdiek/grfext.sty
Package: grfext 2010/08/19 v1.1 Manage graphics extensions (HO)
 (/usr/local/texlive/2015/texmf-dist/tex/generic/oberdiek/kvdefinekeys.sty
Package: kvdefinekeys 2011/04/07 v1.3 Define keys (HO)
)) (/usr/local/texlive/2015/texmf-dist/tex/latex/oberdiek/kvoptions.sty
Package: kvoptions 2011/06/30 v3.11 Key value format for package options (HO)
 (/usr/local/texlive/2015/texmf-dist/tex/generic/oberdiek/kvsetkeys.sty
Package: kvsetkeys 2012/04/25 v1.16 Key value parser (HO)
 (/usr/local/texlive/2015/texmf-dist/tex/generic/oberdiek/etexcmds.sty
Package: etexcmds 2011/02/16 v1.5 Avoid name clashes with e-TeX commands (HO)
Package etexcmds Info: Could not find \expanded.
(etexcmds)             That can mean that you are not using pdfTeX 1.50 or
(etexcmds)             that some package has redefined \expanded.
(etexcmds)             In the latter case, load this package earlier.
)))
Package grfext Info: Graphics extension search list:
(grfext)             [.png,.pdf,.jpg,.mps,.jpeg,.jbig2,.jb2,.PNG,.PDF,.JPG,.JPEG,.JBIG2,.JB2,.eps]
(grfext)             \AppendGraphicsExtensions on input line 452.
 (/usr/local/texlive/2015/texmf-dist/tex/latex/latexconfig/epstopdf-sys.cfg
File: epstopdf-sys.cfg 2010/07/13 v1.3 Configuration of (r)epstopdf for TeX Live
))
LaTeX Font Info:    Font shape `OT1/ptm/bx/n' in size <12> not available
(Font)              Font shape `OT1/ptm/b/n' tried instead on input line 50.
LaTeX Font Info:    Font shape `OT1/ptm/bx/n' in size <8> not available
(Font)              Font shape `OT1/ptm/b/n' tried instead on input line 52.

Overfull \hbox (21.0267pt too wide) in paragraph at lines 60--63
\OT1/ptm/m/n/8 Among many kinds of one-dimensional nanos-truc-ture, sil-i-con nanowire(SiNW)
 []

Missing character: There is no ‚ in font ptmr7t!
Missing character: There is no Ä in font ptmr7t!
Missing character: There is no ú in font ptmr7t!
Missing character: There is no ‚ in font ptmr7t!
Missing character: There is no Ä in font ptmr7t!
Missing character: There is no ù in font ptmr7t!
Missing character: There is no ‚ in font ptmr7t!
Missing character: There is no Ä in font ptmr7t!
Missing character: There is no ô in font ptmr7t!
(./Graphs/gvt.pdf_tex <Graphs/gvt.pdf, id=1, page=1, 568.37418pt x 802.99994pt>
File: Graphs/gvt.pdf Graphic file (type pdf)
 <use Graphs/gvt.pdf, page 1>
Package pdftex.def Info: Graphs/gvt.pdf, page1 used on input line 52.
(pdftex.def)             Requested size: 85.35826pt x 120.59183pt.
 <Graphs/gvt.pdf, id=2, page=2, 568.37418pt x 802.99994pt>
File: Graphs/gvt.pdf Graphic file (type pdf)
 <use Graphs/gvt.pdf, page 2>
Package pdftex.def Info: Graphs/gvt.pdf, page2 used on input line 54.
(pdftex.def)             Requested size: 85.35826pt x 120.59183pt.
LaTeX Font Info:    Font shape `OT1/ptm/bx/n' in size <4> not available
(Font)              Font shape `OT1/ptm/b/n' tried instead on input line 55.
 <Graphs/gvt.pdf, id=3, page=3, 568.37418pt x 802.99994pt>
File: Graphs/gvt.pdf Graphic file (type pdf)
 <use Graphs/gvt.pdf, page 3>
Package pdftex.def Info: Graphs/gvt.pdf, page3 used on input line 56.
(pdftex.def)             Requested size: 85.35826pt x 120.59183pt.
File: Graphs/gvt.pdf Graphic file (type pdf)
 <use Graphs/gvt.pdf, page 3>
Package pdftex.def Info: Graphs/gvt.pdf, page3 used on input line 58.
(pdftex.def)             Requested size: 85.35826pt x 120.59183pt.
File: Graphs/gvt.pdf Graphic file (type pdf)
 <use Graphs/gvt.pdf, page 3>
Package pdftex.def Info: Graphs/gvt.pdf, page3 used on input line 61.
(pdftex.def)             Requested size: 85.35826pt x 120.59183pt.
) (./Graphs/cvm.pdf_tex <Graphs/cvm.pdf, id=4, page=1, 802.90118pt x 663.09702pt>
File: Graphs/cvm.pdf Graphic file (type pdf)
 <use Graphs/cvm.pdf, page 1>
Package pdftex.def Info: Graphs/cvm.pdf, page1 used on input line 52.
(pdftex.def)             Requested size: 130.88284pt x 108.09094pt.
 <Graphs/cvm.pdf, id=5, page=2, 802.90118pt x 663.09702pt>
File: Graphs/cvm.pdf Graphic file (type pdf)
 <use Graphs/cvm.pdf, page 2>
Package pdftex.def Info: Graphs/cvm.pdf, page2 used on input line 54.
(pdftex.def)             Requested size: 130.88284pt x 108.09094pt.
 <Graphs/cvm.pdf, id=6, page=3, 802.90118pt x 663.09702pt>
File: Graphs/cvm.pdf Graphic file (type pdf)
 <use Graphs/cvm.pdf, page 3>
Package pdftex.def Info: Graphs/cvm.pdf, page3 used on input line 56.
(pdftex.def)             Requested size: 130.88284pt x 108.09094pt.
 <Graphs/cvm.pdf, id=7, page=4, 802.90118pt x 663.09702pt>
File: Graphs/cvm.pdf Graphic file (type pdf)
 <use Graphs/cvm.pdf, page 4>
Package pdftex.def Info: Graphs/cvm.pdf, page4 used on input line 58.
(pdftex.def)             Requested size: 130.88284pt x 108.09094pt.
 <Graphs/cvm.pdf, id=8, page=5, 802.90118pt x 663.09702pt>
File: Graphs/cvm.pdf Graphic file (type pdf)
 <use Graphs/cvm.pdf, page 5>
Package pdftex.def Info: Graphs/cvm.pdf, page5 used on input line 60.
(pdftex.def)             Requested size: 130.88284pt x 108.09094pt.
 <Graphs/cvm.pdf, id=9, page=6, 802.90118pt x 663.09702pt>
File: Graphs/cvm.pdf Graphic file (type pdf)
 <use Graphs/cvm.pdf, page 6>
Package pdftex.def Info: Graphs/cvm.pdf, page6 used on input line 62.
(pdftex.def)             Requested size: 130.88284pt x 108.09094pt.
 <Graphs/cvm.pdf, id=10, page=7, 802.90118pt x 663.09702pt>
File: Graphs/cvm.pdf Graphic file (type pdf)
 <use Graphs/cvm.pdf, page 7>
Package pdftex.def Info: Graphs/cvm.pdf, page7 used on input line 66.
(pdftex.def)             Requested size: 130.88284pt x 108.09094pt.

<Graphs/cvm.pdf, id=11, page=8, 802.90118pt x 663.09702pt>
File: Graphs/cvm.pdf Graphic file (type pdf)
 <use Graphs/cvm.pdf, page 8>
Package pdftex.def Info: Graphs/cvm.pdf, page8 used on input line 69.
(pdftex.def)             Requested size: 130.88284pt x 108.09094pt.
File: Graphs/cvm.pdf Graphic file (type pdf)
 <use Graphs/cvm.pdf, page 8>
Package pdftex.def Info: Graphs/cvm.pdf, page8 used on input line 72.
(pdftex.def)             Requested size: 130.88284pt x 108.09094pt.
File: Graphs/cvm.pdf Graphic file (type pdf)
 <use Graphs/cvm.pdf, page 8>
Package pdftex.def Info: Graphs/cvm.pdf, page8 used on input line 75.
(pdftex.def)             Requested size: 130.88284pt x 108.09094pt.
File: Graphs/cvm.pdf Graphic file (type pdf)
 <use Graphs/cvm.pdf, page 8>
Package pdftex.def Info: Graphs/cvm.pdf, page8 used on input line 77.
(pdftex.def)             Requested size: 130.88284pt x 108.09094pt.
File: Graphs/cvm.pdf Graphic file (type pdf)
 <use Graphs/cvm.pdf, page 8>
Package pdftex.def Info: Graphs/cvm.pdf, page8 used on input line 79.
(pdftex.def)             Requested size: 130.88284pt x 108.09094pt.
)
Overfull \hbox (24.86633pt too wide) in paragraph at lines 80--171
 [][] 
 []

[1{/usr/local/texlive/2015/texmf-var/fonts/map/pdftex/updmap/pdftex.map}



 <./Graphs/gvt.pdf> <./Graphs/gvt.pdf

pdfTeX warning: pdflatex (file ./Graphs/gvt.pdf): PDF inclusion: multiple pdfs with page group included in a single page
> <./Graphs/gvt.pdf

pdfTeX warning: pdflatex (file ./Graphs/gvt.pdf): PDF inclusion: multiple pdfs with page group included in a single page
> <./Graphs/cvm.pdf

pdfTeX warning: pdflatex (file ./Graphs/cvm.pdf): PDF inclusion: multiple pdfs with page group included in a single page
> <./Graphs/cvm.pdf

pdfTeX warning: pdflatex (file ./Graphs/cvm.pdf): PDF inclusion: multiple pdfs with page group included in a single page
> <./Graphs/cvm.pdf

pdfTeX warning: pdflatex (file ./Graphs/cvm.pdf): PDF inclusion: multiple pdfs with page group included in a single page
> <./Graphs/cvm.pdf

pdfTeX warning: pdflatex (file ./Graphs/cvm.pdf): PDF inclusion: multiple pdfs with page group included in a single page
> <./Graphs/cvm.pdf

pdfTeX warning: pdflatex (file ./Graphs/cvm.pdf): PDF inclusion: multiple pdfs with page group included in a single page
> <./Graphs/cvm.pdf

pdfTeX warning: pdflatex (file ./Graphs/cvm.pdf): PDF inclusion: multiple pdfs with page group included in a single page
> <./Graphs/cvm.pdf

pdfTeX warning: pdflatex (file ./Graphs/cvm.pdf): PDF inclusion: multiple pdfs with page group included in a single page
> <./Graphs/cvm.pdf

pdfTeX warning: pdflatex (file ./Graphs/cvm.pdf): PDF inclusion: multiple pdfs with page group included in a single page
>] (./Template.bbl
Missing character: There is no ‚ in font ptmr7t!
Missing character: There is no Ä in font ptmr7t!
Missing character: There is no ì in font ptmr7t!
) [2

] (./Template.aux) ) 
Here is how much of TeX's memory you used:
 2337 strings out of 493089
 32351 string characters out of 6134843
 100122 words of memory out of 5000000
 5772 multiletter control sequences out of 15000+600000
 21863 words of font info for 45 fonts, out of 8000000 for 9000
 1141 hyphenation exceptions out of 8191
 38i,11n,23p,518b,388s stack positions out of 5000i,500n,10000p,200000b,80000s
{/usr/local/texlive/2015/texmf-dist/fonts/enc/dvips/base/8r.enc}</usr/local/texlive/2015/texmf-dist/fonts/type1/public/amsfonts/cmextra/cmex8.pfb></usr/local/texlive/2015/texmf-dist/fonts/type1/public/amsfonts/cm/cmmi6.pfb></usr/local/texlive/2015/texmf-dist/fonts/type1/public/amsfonts/cm/cmmi8.pfb></usr/local/texlive/2015/texmf-dist/fonts/type1/public/amsfonts/cm/cmr8.pfb></usr/local/texlive/2015/texmf-dist/fonts/type1/urw/times/utmb8a.pfb></usr/local/texlive/2015/texmf-dist/fonts/type1/urw/times/utmr8a.pfb></usr/local/texlive/2015/texmf-dist/fonts/type1/urw/times/utmri8a.pfb>
Output written on Template.pdf (2 pages, 91138 bytes).
PDF statistics:
 54 PDF objects out of 1000 (max. 8388607)
 31 compressed objects within 1 object stream
 0 named destinations out of 1000 (max. 500000)
 56 words of extra memory for PDF output out of 10000 (max. 10000000)

